kelat.js v1.2.2 新功能和修正：----- 2016.7.1

1、修正选择器性能问题;
2、增加滑动删除。
3、增加排序列表。
4、增加折叠面板。


kelat.js v1.2.1 新功能和修正：----- 2016.6.6

1、增加tap事件。$$(document).on('tap',function(){});
2、增加swipe事件。$$(document).on('swipe',function(){});
3、修正选择器性能问题。
4、增加文本流从右到左检测。$$.fn.rtl;
5、修改了响应式布局。
6、增加弹出式页面控件。$$.popup($$('.class'))
7、增加修改默认语言包方法。加载库之前需要注入kelatlocale对象到window对象中。
	例如：
	window.kelatlocale={
	  "SYSTEM_LANGUAGE": {
		"MODAL": {
			TIPS:"提示",
			OK:"确定",
			CANCEL:"取消"
		},
		"IMG":{
			IMGTIPS:"图片格式不正确或者跨域请求！",
		},
		"LOADING": [
		  '正在加载...'
		]
	  },
	  "id": "zh-cn"
	};
8、增加无限滚动控件。 $$.infiniteScroll(true,function(){})
9、增加图片延迟加载。 $$.imagesLazyLoad()



kelat.js v1.2.0 新功能和修正：----- 2016.5.15

1、增加选择器控件。$$.picker();
2、修改自动消失提示框，增加设置时间(可选)。$$.prompt("欢迎体验KUI",2000);
3、修改底部确认框函数。$$.confirmModal(content, title, callbackOk, callbackCancel)
4、增加弹出菜单函数。$$.popover($$('.Menu'))
5、修正弹框函数，支持字符串和对象。$$.popover('content') / $$.popover($$('.Menu'))
6、修正 scrolltop 无效。

kelat.js v1.0.1 新功能和修正：----- 2016.4.28

1、增加DOM元素选择器。$$('body').addClass('PosA');
2、增加事件检测事件。$$.fn.support.desktopEvents();
3、增加层边界事件，调试样式时来设定边界。$$.fn.layerBorder();
4、增加Javascript函数节流。$$.fn.throttle(callBack, delay, mustRunDelay);
5、增加触摸事件。$$.fn.touches(els, callBackStart,callBackMove,callBackEnd);
6、增加空操作。$$.noop();
7、增加下拉刷新。$$.initPullToRefresh($$(".PullToRefresh"));
8、增加图片渲染事件。$$.imgRender(options, callback);

kelat.js v1.0.1 新功能和修正：----- 2016.4.20

1、增加html转义函数。$$().escapeHTML('<div>');
2、修改 验证  支持自定义正则。$$.validate('18000000999',/^1[34578]\d{9}$/);
3、指定范围取随机数。$$().range(34578,4);
4、判断是否为数字。$$.fn.isNumber(12121);
5、闪动提醒。$$.glint('#id');
6、增加防止事件冒泡。$$.bubbles(event,'A Div Img',function(){});
7、修改URL地址参数截取。$$.getUrlParams({'url':'http://www.****.com','type':['=','id']});
8、增加图片头数据加载就绪事件。$$.imgReady('imgUrl',function(){});
9、增加是否在Window容器。$$.isWindow(obj);
10、增加空白提示。$$.blankTips(title, content, callBack);
11、增加数字输入框。$$.numberBox();

kelat.js v1.0.0 新功能和修正：----- 2016.3.14

1、增加特性支持检测; $$.fn.support
2、增加删除前后空格 和 BOM; $$.fn.trim(text);
3、增加JSON 序列; $$.fn.jsonArray(JSON);
4、增加设备/操作系统探测; $$.fn.device
